Class 1.0 precision = 0.035479632063074903
Class 1.0 recall = 0.24185667752442996
Class 1.0 F1 Measure = 0.06188144598395666
Recall: 0.24185667752442996
CM: DenseMatrix([[165067.,   8074.],
             [   931.,    297.]])
Class 1.0 precision = 0.019479670545169303
Class 1.0 recall = 0.48534201954397393
Class 1.0 F1 Measure = 0.03745600804424334
Recall: 0.48534201954397393
CM: DenseMatrix([[143141.,  30000.],
             [   632.,    596.]])
Class 1.0 precision = 0.02363434791372707
Class 1.0 recall = 0.38192182410423453
Class 1.0 F1 Measure = 0.04451404707668944
Recall: 0.38192182410423453
CM: DenseMatrix([[153766.,  19375.],
             [   759.,    469.]])
Class 1.0 precision = 0.018461644639221505
Class 1.0 recall = 0.43566775244299677
Class 1.0 F1 Measure = 0.03542225312013772
Recall: 0.43566775244299677
CM: DenseMatrix([[144697.,  28444.],
             [   693.,    535.]])
